Analysis & Synthesis report for ProjetoSD1
Thu Jul 03 00:43:26 2025
Quartus Prime Version 20.1.1 Build 720 11/11/2020 SJ Lite Edition


---------------------
; Table of Contents ;
---------------------
  1. Legal Notice
  2. Analysis & Synthesis Summary
  3. Analysis & Synthesis Settings
  4. Parallel Compilation
  5. Analysis & Synthesis Source Files Read
  6. Analysis & Synthesis Resource Usage Summary
  7. Analysis & Synthesis Resource Utilization by Entity
  8. General Register Statistics
  9. Post-Synthesis Netlist Statistics for Top Partition
 10. Elapsed Time Per Partition
 11. Analysis & Synthesis Messages



----------------
; Legal Notice ;
----------------
Copyright (C) 2020  Intel Corporation. All rights reserved.
Your use of Intel Corporation's design tools, logic functions 
and other software and tools, and any partner logic 
functions, and any output files from any of the foregoing 
(including device programming or simulation files), and any 
associated documentation or information are expressly subject 
to the terms and conditions of the Intel Program License 
Subscription Agreement, the Intel Quartus Prime License Agreement,
the Intel FPGA IP License Agreement, or other applicable license
agreement, including, without limitation, that your use is for
the sole purpose of programming logic devices manufactured by
Intel and sold by Intel or its authorized distributors.  Please
refer to the applicable agreement for further details, at
https://fpgasoftware.intel.com/eula.



+----------------------------------------------------------------------------------+
; Analysis & Synthesis Summary                                                     ;
+------------------------------------+---------------------------------------------+
; Analysis & Synthesis Status        ; Successful - Thu Jul 03 00:43:26 2025       ;
; Quartus Prime Version              ; 20.1.1 Build 720 11/11/2020 SJ Lite Edition ;
; Revision Name                      ; ProjetoSD1                                  ;
; Top-level Entity Name              ; ProjetoSD1                                  ;
; Family                             ; Cyclone IV E                                ;
; Total logic elements               ; 129                                         ;
;     Total combinational functions  ; 129                                         ;
;     Dedicated logic registers      ; 0                                           ;
; Total registers                    ; 0                                           ;
; Total pins                         ; 65                                          ;
; Total virtual pins                 ; 0                                           ;
; Total memory bits                  ; 0                                           ;
; Embedded Multiplier 9-bit elements ; 0                                           ;
; Total PLLs                         ; 0                                           ;
+------------------------------------+---------------------------------------------+


+------------------------------------------------------------------------------------------------------------+
; Analysis & Synthesis Settings                                                                              ;
+------------------------------------------------------------------+--------------------+--------------------+
; Option                                                           ; Setting            ; Default Value      ;
+------------------------------------------------------------------+--------------------+--------------------+
; Device                                                           ; EP4CE115F29C7      ;                    ;
; Top-level entity name                                            ; ProjetoSD1         ; ProjetoSD1         ;
; Family name                                                      ; Cyclone IV E       ; Cyclone V          ;
; Use smart compilation                                            ; Off                ; Off                ;
; Enable parallel Assembler and Timing Analyzer during compilation ; On                 ; On                 ;
; Enable compact report table                                      ; Off                ; Off                ;
; Restructure Multiplexers                                         ; Auto               ; Auto               ;
; Create Debugging Nodes for IP Cores                              ; Off                ; Off                ;
; Preserve fewer node names                                        ; On                 ; On                 ;
; Intel FPGA IP Evaluation Mode                                    ; Enable             ; Enable             ;
; Verilog Version                                                  ; Verilog_2001       ; Verilog_2001       ;
; VHDL Version                                                     ; VHDL_1993          ; VHDL_1993          ;
; State Machine Processing                                         ; Auto               ; Auto               ;
; Safe State Machine                                               ; Off                ; Off                ;
; Extract Verilog State Machines                                   ; On                 ; On                 ;
; Extract VHDL State Machines                                      ; On                 ; On                 ;
; Ignore Verilog initial constructs                                ; Off                ; Off                ;
; Iteration limit for constant Verilog loops                       ; 5000               ; 5000               ;
; Iteration limit for non-constant Verilog loops                   ; 250                ; 250                ;
; Add Pass-Through Logic to Inferred RAMs                          ; On                 ; On                 ;
; Infer RAMs from Raw Logic                                        ; On                 ; On                 ;
; Parallel Synthesis                                               ; On                 ; On                 ;
; DSP Block Balancing                                              ; Auto               ; Auto               ;
; NOT Gate Push-Back                                               ; On                 ; On                 ;
; Power-Up Don't Care                                              ; On                 ; On                 ;
; Remove Redundant Logic Cells                                     ; Off                ; Off                ;
; Remove Duplicate Registers                                       ; On                 ; On                 ;
; Ignore CARRY Buffers                                             ; Off                ; Off                ;
; Ignore CASCADE Buffers                                           ; Off                ; Off                ;
; Ignore GLOBAL Buffers                                            ; Off                ; Off                ;
; Ignore ROW GLOBAL Buffers                                        ; Off                ; Off                ;
; Ignore LCELL Buffers                                             ; Off                ; Off                ;
; Ignore SOFT Buffers                                              ; On                 ; On                 ;
; Limit AHDL Integers to 32 Bits                                   ; Off                ; Off                ;
; Optimization Technique                                           ; Balanced           ; Balanced           ;
; Carry Chain Length                                               ; 70                 ; 70                 ;
; Auto Carry Chains                                                ; On                 ; On                 ;
; Auto Open-Drain Pins                                             ; On                 ; On                 ;
; Perform WYSIWYG Primitive Resynthesis                            ; Off                ; Off                ;
; Auto ROM Replacement                                             ; On                 ; On                 ;
; Auto RAM Replacement                                             ; On                 ; On                 ;
; Auto DSP Block Replacement                                       ; On                 ; On                 ;
; Auto Shift Register Replacement                                  ; Auto               ; Auto               ;
; Allow Shift Register Merging across Hierarchies                  ; Auto               ; Auto               ;
; Auto Clock Enable Replacement                                    ; On                 ; On                 ;
; Strict RAM Replacement                                           ; Off                ; Off                ;
; Allow Synchronous Control Signals                                ; On                 ; On                 ;
; Force Use of Synchronous Clear Signals                           ; Off                ; Off                ;
; Auto RAM Block Balancing                                         ; On                 ; On                 ;
; Auto RAM to Logic Cell Conversion                                ; Off                ; Off                ;
; Auto Resource Sharing                                            ; Off                ; Off                ;
; Allow Any RAM Size For Recognition                               ; Off                ; Off                ;
; Allow Any ROM Size For Recognition                               ; Off                ; Off                ;
; Allow Any Shift Register Size For Recognition                    ; Off                ; Off                ;
; Use LogicLock Constraints during Resource Balancing              ; On                 ; On                 ;
; Ignore translate_off and synthesis_off directives                ; Off                ; Off                ;
; Timing-Driven Synthesis                                          ; On                 ; On                 ;
; Report Parameter Settings                                        ; On                 ; On                 ;
; Report Source Assignments                                        ; On                 ; On                 ;
; Report Connectivity Checks                                       ; On                 ; On                 ;
; Ignore Maximum Fan-Out Assignments                               ; Off                ; Off                ;
; Synchronization Register Chain Length                            ; 2                  ; 2                  ;
; Power Optimization During Synthesis                              ; Normal compilation ; Normal compilation ;
; HDL message level                                                ; Level2             ; Level2             ;
; Suppress Register Optimization Related Messages                  ; Off                ; Off                ;
; Number of Removed Registers Reported in Synthesis Report         ; 5000               ; 5000               ;
; Number of Swept Nodes Reported in Synthesis Report               ; 5000               ; 5000               ;
; Number of Inverted Registers Reported in Synthesis Report        ; 100                ; 100                ;
; Clock MUX Protection                                             ; On                 ; On                 ;
; Auto Gated Clock Conversion                                      ; Off                ; Off                ;
; Block Design Naming                                              ; Auto               ; Auto               ;
; SDC constraint protection                                        ; Off                ; Off                ;
; Synthesis Effort                                                 ; Auto               ; Auto               ;
; Shift Register Replacement - Allow Asynchronous Clear Signal     ; On                 ; On                 ;
; Pre-Mapping Resynthesis Optimization                             ; Off                ; Off                ;
; Analysis & Synthesis Message Level                               ; Medium             ; Medium             ;
; Disable Register Merging Across Hierarchies                      ; Auto               ; Auto               ;
; Resource Aware Inference For Block RAM                           ; On                 ; On                 ;
+------------------------------------------------------------------+--------------------+--------------------+


+------------------------------------------+
; Parallel Compilation                     ;
+----------------------------+-------------+
; Processors                 ; Number      ;
+----------------------------+-------------+
; Number detected on machine ; 12          ;
; Maximum allowed            ; 12          ;
;                            ;             ;
; Average used               ; 1.00        ;
; Maximum used               ; 1           ;
;                            ;             ;
; Usage by Processor         ; % Time Used ;
;     Processor 1            ; 100.0%      ;
+----------------------------+-------------+


+----------------------------------------------------------------------------------------------------------------------------------------------------------------+
; Analysis & Synthesis Source Files Read                                                                                                                         ;
+----------------------------------+-----------------+------------------------------------------+------------------------------------------------------+---------+
; File Name with User-Entered Path ; Used in Netlist ; File Type                                ; File Name with Absolute Path                         ; Library ;
+----------------------------------+-----------------+------------------------------------------+------------------------------------------------------+---------+
; Decodificador.bdf                ; yes             ; User Block Diagram/Schematic File        ; C:/ProjetoULA_SD/QuartusFiles/Decodificador.bdf      ;         ;
; M_B.bdf                          ; yes             ; User Block Diagram/Schematic File        ; C:/ProjetoULA_SD/QuartusFiles/M_B.bdf                ;         ;
; M_A.bdf                          ; yes             ; User Block Diagram/Schematic File        ; C:/ProjetoULA_SD/QuartusFiles/M_A.bdf                ;         ;
; CompMagnitude_M_B.bdf            ; yes             ; User Block Diagram/Schematic File        ; C:/ProjetoULA_SD/QuartusFiles/CompMagnitude_M_B.bdf  ;         ;
; CompMagnitude_M_A.bdf            ; yes             ; User Block Diagram/Schematic File        ; C:/ProjetoULA_SD/QuartusFiles/CompMagnitude_M_A.bdf  ;         ;
; CircuitoXOR.bdf                  ; yes             ; User Block Diagram/Schematic File        ; C:/ProjetoULA_SD/QuartusFiles/CircuitoXOR.bdf        ;         ;
; CircuitoAND.bdf                  ; yes             ; User Block Diagram/Schematic File        ; C:/ProjetoULA_SD/QuartusFiles/CircuitoAND.bdf        ;         ;
; OR5F.bdf                         ; yes             ; User Block Diagram/Schematic File        ; C:/ProjetoULA_SD/QuartusFiles/OR5F.bdf               ;         ;
; bmaiorquea.bdf                   ; yes             ; User Block Diagram/Schematic File        ; C:/ProjetoULA_SD/QuartusFiles/bmaiorquea.bdf         ;         ;
; amaiorqueb.bdf                   ; yes             ; User Block Diagram/Schematic File        ; C:/ProjetoULA_SD/QuartusFiles/amaiorqueb.bdf         ;         ;
; X.bdf                            ; yes             ; User Block Diagram/Schematic File        ; C:/ProjetoULA_SD/QuartusFiles/X.bdf                  ;         ;
; somador.bdf                      ; yes             ; User Block Diagram/Schematic File        ; C:/ProjetoULA_SD/QuartusFiles/somador.bdf            ;         ;
; complemento2.bdf                 ; yes             ; User Block Diagram/Schematic File        ; C:/ProjetoULA_SD/QuartusFiles/complemento2.bdf       ;         ;
; subtrator_completo.bdf           ; yes             ; User Block Diagram/Schematic File        ; C:/ProjetoULA_SD/QuartusFiles/subtrator_completo.bdf ;         ;
; ProjetoSD1.bdf                   ; yes             ; User Block Diagram/Schematic File        ; C:/ProjetoULA_SD/QuartusFiles/ProjetoSD1.bdf         ;         ;
; aigualb.bdf                      ; yes             ; User Block Diagram/Schematic File        ; C:/ProjetoULA_SD/QuartusFiles/aigualb.bdf            ;         ;
; MUX_And.bdf                      ; yes             ; User Block Diagram/Schematic File        ; C:/ProjetoULA_SD/QuartusFiles/MUX_And.bdf            ;         ;
; somador_completo.bdf             ; yes             ; User Block Diagram/Schematic File        ; C:/ProjetoULA_SD/QuartusFiles/somador_completo.bdf   ;         ;
; DEC_4BITS.bdf                    ; yes             ; User Block Diagram/Schematic File        ; C:/ProjetoULA_SD/QuartusFiles/DEC_4BITS.bdf          ;         ;
; and5_f.bdf                       ; yes             ; Auto-Found Block Diagram/Schematic File  ; C:/ProjetoULA_SD/QuartusFiles/and5_f.bdf             ;         ;
+----------------------------------+-----------------+------------------------------------------+------------------------------------------------------+---------+


+--------------------------------------------------------+
; Analysis & Synthesis Resource Usage Summary            ;
+---------------------------------------------+----------+
; Resource                                    ; Usage    ;
+---------------------------------------------+----------+
; Estimated Total logic elements              ; 129      ;
;                                             ;          ;
; Total combinational functions               ; 129      ;
; Logic element usage by number of LUT inputs ;          ;
;     -- 4 input functions                    ; 98       ;
;     -- 3 input functions                    ; 19       ;
;     -- <=2 input functions                  ; 12       ;
;                                             ;          ;
; Logic elements by mode                      ;          ;
;     -- normal mode                          ; 129      ;
;     -- arithmetic mode                      ; 0        ;
;                                             ;          ;
; Total registers                             ; 0        ;
;     -- Dedicated logic registers            ; 0        ;
;     -- I/O registers                        ; 0        ;
;                                             ;          ;
; I/O pins                                    ; 65       ;
;                                             ;          ;
; Embedded Multiplier 9-bit elements          ; 0        ;
;                                             ;          ;
; Maximum fan-out node                        ; B0~input ;
; Maximum fan-out                             ; 22       ;
; Total fan-out                               ; 584      ;
; Average fan-out                             ; 2.25     ;
+---------------------------------------------+----------+


+----------------------------------------------------------------------------------------------------------------------------------------------------------------------------------------------------------------------------------------------------------+
; Analysis & Synthesis Resource Utilization by Entity                                                                                                                                                                                                      ;
+----------------------------------+---------------------+---------------------------+-------------+--------------+---------+-----------+------+--------------+---------------------------------------------------------+-------------------+--------------+
; Compilation Hierarchy Node       ; Combinational ALUTs ; Dedicated Logic Registers ; Memory Bits ; DSP Elements ; DSP 9x9 ; DSP 18x18 ; Pins ; Virtual Pins ; Full Hierarchy Name                                     ; Entity Name       ; Library Name ;
+----------------------------------+---------------------+---------------------------+-------------+--------------+---------+-----------+------+--------------+---------------------------------------------------------+-------------------+--------------+
; |ProjetoSD1                      ; 129 (47)            ; 0 (0)                     ; 0           ; 0            ; 0       ; 0         ; 65   ; 0            ; |ProjetoSD1                                             ; ProjetoSD1        ; work         ;
;    |DEC_4BITS:inst12|            ; 8 (8)               ; 0 (0)                     ; 0           ; 0            ; 0       ; 0         ; 0    ; 0            ; |ProjetoSD1|DEC_4BITS:inst12                            ; DEC_4BITS         ; work         ;
;    |DEC_4BITS:inst6|             ; 8 (8)               ; 0 (0)                     ; 0           ; 0            ; 0       ; 0         ; 0    ; 0            ; |ProjetoSD1|DEC_4BITS:inst6                             ; DEC_4BITS         ; work         ;
;    |Decodificador:inst3|         ; 2 (1)               ; 0 (0)                     ; 0           ; 0            ; 0       ; 0         ; 0    ; 0            ; |ProjetoSD1|Decodificador:inst3                         ; Decodificador     ; work         ;
;       |and5_f:inst54|            ; 1 (1)               ; 0 (0)                     ; 0           ; 0            ; 0       ; 0         ; 0    ; 0            ; |ProjetoSD1|Decodificador:inst3|and5_f:inst54           ; and5_f            ; work         ;
;    |MUX_And:inst52|              ; 1 (1)               ; 0 (0)                     ; 0           ; 0            ; 0       ; 0         ; 0    ; 0            ; |ProjetoSD1|MUX_And:inst52                              ; MUX_And           ; work         ;
;    |M_A:inst1|                   ; 10 (0)              ; 0 (0)                     ; 0           ; 0            ; 0       ; 0         ; 0    ; 0            ; |ProjetoSD1|M_A:inst1                                   ; M_A               ; work         ;
;       |CompMagnitude_M_A:inst9|  ; 6 (3)               ; 0 (0)                     ; 0           ; 0            ; 0       ; 0         ; 0    ; 0            ; |ProjetoSD1|M_A:inst1|CompMagnitude_M_A:inst9           ; CompMagnitude_M_A ; work         ;
;          |X:inst1|               ; 1 (1)               ; 0 (0)                     ; 0           ; 0            ; 0       ; 0         ; 0    ; 0            ; |ProjetoSD1|M_A:inst1|CompMagnitude_M_A:inst9|X:inst1   ; X                 ; work         ;
;          |X:inst2|               ; 1 (1)               ; 0 (0)                     ; 0           ; 0            ; 0       ; 0         ; 0    ; 0            ; |ProjetoSD1|M_A:inst1|CompMagnitude_M_A:inst9|X:inst2   ; X                 ; work         ;
;          |X:inst3|               ; 1 (1)               ; 0 (0)                     ; 0           ; 0            ; 0       ; 0         ; 0    ; 0            ; |ProjetoSD1|M_A:inst1|CompMagnitude_M_A:inst9|X:inst3   ; X                 ; work         ;
;       |CompMagnitude_M_B:inst10| ; 4 (4)               ; 0 (0)                     ; 0           ; 0            ; 0       ; 0         ; 0    ; 0            ; |ProjetoSD1|M_A:inst1|CompMagnitude_M_B:inst10          ; CompMagnitude_M_B ; work         ;
;    |OR5F:inst10|                 ; 7 (7)               ; 0 (0)                     ; 0           ; 0            ; 0       ; 0         ; 0    ; 0            ; |ProjetoSD1|OR5F:inst10                                 ; OR5F              ; work         ;
;    |OR5F:inst11|                 ; 6 (6)               ; 0 (0)                     ; 0           ; 0            ; 0       ; 0         ; 0    ; 0            ; |ProjetoSD1|OR5F:inst11                                 ; OR5F              ; work         ;
;    |OR5F:inst7|                  ; 2 (2)               ; 0 (0)                     ; 0           ; 0            ; 0       ; 0         ; 0    ; 0            ; |ProjetoSD1|OR5F:inst7                                  ; OR5F              ; work         ;
;    |OR5F:inst8|                  ; 8 (8)               ; 0 (0)                     ; 0           ; 0            ; 0       ; 0         ; 0    ; 0            ; |ProjetoSD1|OR5F:inst8                                  ; OR5F              ; work         ;
;    |OR5F:inst9|                  ; 8 (8)               ; 0 (0)                     ; 0           ; 0            ; 0       ; 0         ; 0    ; 0            ; |ProjetoSD1|OR5F:inst9                                  ; OR5F              ; work         ;
;    |OR5F:inst|                   ; 7 (7)               ; 0 (0)                     ; 0           ; 0            ; 0       ; 0         ; 0    ; 0            ; |ProjetoSD1|OR5F:inst                                   ; OR5F              ; work         ;
;    |aigualb:inst120|             ; 1 (1)               ; 0 (0)                     ; 0           ; 0            ; 0       ; 0         ; 0    ; 0            ; |ProjetoSD1|aigualb:inst120                             ; aigualb           ; work         ;
;    |complemento2:inst97|         ; 2 (2)               ; 0 (0)                     ; 0           ; 0            ; 0       ; 0         ; 0    ; 0            ; |ProjetoSD1|complemento2:inst97                         ; complemento2      ; work         ;
;    |somador_completo:inst88|     ; 12 (0)              ; 0 (0)                     ; 0           ; 0            ; 0       ; 0         ; 0    ; 0            ; |ProjetoSD1|somador_completo:inst88                     ; somador_completo  ; work         ;
;       |complemento2:inst25|      ; 1 (1)               ; 0 (0)                     ; 0           ; 0            ; 0       ; 0         ; 0    ; 0            ; |ProjetoSD1|somador_completo:inst88|complemento2:inst25 ; complemento2      ; work         ;
;       |somador:inst21|           ; 1 (1)               ; 0 (0)                     ; 0           ; 0            ; 0       ; 0         ; 0    ; 0            ; |ProjetoSD1|somador_completo:inst88|somador:inst21      ; somador           ; work         ;
;       |somador:inst22|           ; 1 (1)               ; 0 (0)                     ; 0           ; 0            ; 0       ; 0         ; 0    ; 0            ; |ProjetoSD1|somador_completo:inst88|somador:inst22      ; somador           ; work         ;
;       |somador:inst23|           ; 1 (1)               ; 0 (0)                     ; 0           ; 0            ; 0       ; 0         ; 0    ; 0            ; |ProjetoSD1|somador_completo:inst88|somador:inst23      ; somador           ; work         ;
;       |somador:inst27|           ; 2 (2)               ; 0 (0)                     ; 0           ; 0            ; 0       ; 0         ; 0    ; 0            ; |ProjetoSD1|somador_completo:inst88|somador:inst27      ; somador           ; work         ;
;       |somador:inst28|           ; 2 (2)               ; 0 (0)                     ; 0           ; 0            ; 0       ; 0         ; 0    ; 0            ; |ProjetoSD1|somador_completo:inst88|somador:inst28      ; somador           ; work         ;
;       |somador:inst29|           ; 1 (1)               ; 0 (0)                     ; 0           ; 0            ; 0       ; 0         ; 0    ; 0            ; |ProjetoSD1|somador_completo:inst88|somador:inst29      ; somador           ; work         ;
;       |somador:inst3|            ; 2 (2)               ; 0 (0)                     ; 0           ; 0            ; 0       ; 0         ; 0    ; 0            ; |ProjetoSD1|somador_completo:inst88|somador:inst3       ; somador           ; work         ;
;       |somador:inst4|            ; 1 (1)               ; 0 (0)                     ; 0           ; 0            ; 0       ; 0         ; 0    ; 0            ; |ProjetoSD1|somador_completo:inst88|somador:inst4       ; somador           ; work         ;
+----------------------------------+---------------------+---------------------------+-------------+--------------+---------+-----------+------+--------------+---------------------------------------------------------+-------------------+--------------+
Note: For table entries with two numbers listed, the numbers in parentheses indicate the number of resources of the given type used by the specific entity alone. The numbers listed outside of parentheses indicate the total resources of the given type used by the specific entity and all of its sub-entities in the hierarchy.


+------------------------------------------------------+
; General Register Statistics                          ;
+----------------------------------------------+-------+
; Statistic                                    ; Value ;
+----------------------------------------------+-------+
; Total registers                              ; 0     ;
; Number of registers using Synchronous Clear  ; 0     ;
; Number of registers using Synchronous Load   ; 0     ;
; Number of registers using Asynchronous Clear ; 0     ;
; Number of registers using Asynchronous Load  ; 0     ;
; Number of registers using Clock Enable       ; 0     ;
; Number of registers using Preset             ; 0     ;
+----------------------------------------------+-------+


+-----------------------------------------------------+
; Post-Synthesis Netlist Statistics for Top Partition ;
+-----------------------+-----------------------------+
; Type                  ; Count                       ;
+-----------------------+-----------------------------+
; boundary_port         ; 65                          ;
; cycloneiii_lcell_comb ; 147                         ;
;     normal            ; 147                         ;
;         0 data inputs ; 2                           ;
;         1 data inputs ; 16                          ;
;         2 data inputs ; 12                          ;
;         3 data inputs ; 19                          ;
;         4 data inputs ; 98                          ;
;                       ;                             ;
; Max LUT depth         ; 10.00                       ;
; Average LUT depth     ; 7.35                        ;
+-----------------------+-----------------------------+


+-------------------------------+
; Elapsed Time Per Partition    ;
+----------------+--------------+
; Partition Name ; Elapsed Time ;
+----------------+--------------+
; Top            ; 00:00:01     ;
+----------------+--------------+


+-------------------------------+
; Analysis & Synthesis Messages ;
+-------------------------------+
Info: *******************************************************************
Info: Running Quartus Prime Analysis & Synthesis
    Info: Version 20.1.1 Build 720 11/11/2020 SJ Lite Edition
    Info: Processing started: Thu Jul 03 00:43:13 2025
Info: Command: quartus_map --read_settings_files=on --write_settings_files=off ProjetoSD1 -c ProjetoSD1
Warning (18236): Number of processors has not been specified which may cause overloading on shared machines.  Set the global assignment NUM_PARALLEL_PROCESSORS in your QSF to an appropriate value for best performance.
Info (20030): Parallel compilation is enabled and will use 12 of the 12 processors detected
Warning (12019): Can't analyze file -- file ../../and5_f.bdf is missing
Info (12021): Found 1 design units, including 1 entities, in source file decodificador.bdf
    Info (12023): Found entity 1: Decodificador
Info (12021): Found 1 design units, including 1 entities, in source file m_b.bdf
    Info (12023): Found entity 1: M_B
Info (12021): Found 1 design units, including 1 entities, in source file m_a.bdf
    Info (12023): Found entity 1: M_A
Info (12021): Found 1 design units, including 1 entities, in source file compmagnitude_m_b.bdf
    Info (12023): Found entity 1: CompMagnitude_M_B
Info (12021): Found 1 design units, including 1 entities, in source file compmagnitude_m_a.bdf
    Info (12023): Found entity 1: CompMagnitude_M_A
Info (12021): Found 1 design units, including 1 entities, in source file circuitoxor.bdf
    Info (12023): Found entity 1: CircuitoXOR
Info (12021): Found 1 design units, including 1 entities, in source file circuitoand.bdf
    Info (12023): Found entity 1: CircuitoAND
Info (12021): Found 1 design units, including 1 entities, in source file or5f.bdf
    Info (12023): Found entity 1: OR5F
Info (12021): Found 1 design units, including 1 entities, in source file ula.bdf
    Info (12023): Found entity 1: ULA
Info (12021): Found 1 design units, including 1 entities, in source file decodificadordisplay.bdf
    Info (12023): Found entity 1: DecodificadorDisplay
Info (12021): Found 1 design units, including 1 entities, in source file bmaiorquea.bdf
    Info (12023): Found entity 1: bmaiorquea
Info (12021): Found 1 design units, including 1 entities, in source file amaiorqueb.bdf
    Info (12023): Found entity 1: amaiorqueb
Info (12021): Found 1 design units, including 1 entities, in source file x.bdf
    Info (12023): Found entity 1: X
Info (12021): Found 1 design units, including 1 entities, in source file igual.bdf
    Info (12023): Found entity 1: IGUAL
Info (12021): Found 1 design units, including 1 entities, in source file comparador.bdf
    Info (12023): Found entity 1: Comparador
Info (12021): Found 1 design units, including 1 entities, in source file somador.bdf
    Info (12023): Found entity 1: somador
Info (12021): Found 1 design units, including 1 entities, in source file complemento2.bdf
    Info (12023): Found entity 1: complemento2
Info (12021): Found 1 design units, including 1 entities, in source file subtrator_completo.bdf
    Info (12023): Found entity 1: subtrator_completo
Info (12021): Found 1 design units, including 1 entities, in source file projetosd1.bdf
    Info (12023): Found entity 1: ProjetoSD1
Info (12021): Found 1 design units, including 1 entities, in source file aigualb.bdf
    Info (12023): Found entity 1: aigualb
Info (12021): Found 1 design units, including 1 entities, in source file mux_and.bdf
    Info (12023): Found entity 1: MUX_And
Info (12021): Found 1 design units, including 1 entities, in source file somador_completo.bdf
    Info (12023): Found entity 1: somador_completo
Info (12021): Found 1 design units, including 1 entities, in source file dec_4bits.bdf
    Info (12023): Found entity 1: DEC_4BITS
Warning (12019): Can't analyze file -- file and5f.bdf is missing
Info (12127): Elaborating entity "ProjetoSD1" for the top level hierarchy
Warning (275080): Converted elements in bus name "A" using legacy naming rules. Make any assignments on the new names, not on the original names.
    Warning (275081): Converted element name(s) from "A[4..0]" to "A4..0"
    Warning (275081): Converted element name(s) from "A[3]" to "A3"
    Warning (275081): Converted element name(s) from "A[2]" to "A2"
    Warning (275081): Converted element name(s) from "A[1]" to "A1"
    Warning (275081): Converted element name(s) from "A[0]" to "A0"
    Warning (275081): Converted element name(s) from "A[4]" to "A4"
    Warning (275081): Converted element name(s) from "A[3]" to "A3"
    Warning (275081): Converted element name(s) from "A[2]" to "A2"
    Warning (275081): Converted element name(s) from "A[1]" to "A1"
    Warning (275081): Converted element name(s) from "A[0]" to "A0"
    Warning (275081): Converted element name(s) from "A[4]" to "A4"
    Warning (275081): Converted element name(s) from "A[4..0]" to "A4..0"
Warning (275080): Converted elements in bus name "B" using legacy naming rules. Make any assignments on the new names, not on the original names.
    Warning (275081): Converted element name(s) from "B[3]" to "B3"
    Warning (275081): Converted element name(s) from "B[2]" to "B2"
    Warning (275081): Converted element name(s) from "B[1]" to "B1"
    Warning (275081): Converted element name(s) from "B[0]" to "B0"
    Warning (275081): Converted element name(s) from "B[4..0]" to "B4..0"
    Warning (275081): Converted element name(s) from "B[0]" to "B0"
    Warning (275081): Converted element name(s) from "B[1]" to "B1"
    Warning (275081): Converted element name(s) from "B[2]" to "B2"
    Warning (275081): Converted element name(s) from "B[3]" to "B3"
    Warning (275081): Converted element name(s) from "B[4..0]" to "B4..0"
    Warning (275081): Converted element name(s) from "B[4]" to "B4"
    Warning (275081): Converted element name(s) from "B[4]" to "B4"
Info (12128): Elaborating entity "M_A" for hierarchy "M_A:inst1"
Info (12128): Elaborating entity "CompMagnitude_M_A" for hierarchy "M_A:inst1|CompMagnitude_M_A:inst9"
Info (12128): Elaborating entity "X" for hierarchy "M_A:inst1|CompMagnitude_M_A:inst9|X:inst1"
Info (12128): Elaborating entity "CompMagnitude_M_B" for hierarchy "M_A:inst1|CompMagnitude_M_B:inst10"
Info (12128): Elaborating entity "M_B" for hierarchy "M_B:inst2"
Info (12128): Elaborating entity "aigualb" for hierarchy "aigualb:inst120"
Info (12128): Elaborating entity "OR5F" for hierarchy "OR5F:inst"
Info (12128): Elaborating entity "MUX_And" for hierarchy "MUX_And:inst51"
Info (12128): Elaborating entity "somador_completo" for hierarchy "somador_completo:inst88"
Warning (275008): Primitive "NOT" of instance "inst36" not used
Warning (275008): Primitive "AND2" of instance "inst37" not used
Info (12128): Elaborating entity "amaiorqueb" for hierarchy "somador_completo:inst88|amaiorqueb:inst16"
Info (12128): Elaborating entity "somador" for hierarchy "somador_completo:inst88|somador:inst20"
Info (12128): Elaborating entity "complemento2" for hierarchy "somador_completo:inst88|complemento2:inst19"
Info (12128): Elaborating entity "bmaiorquea" for hierarchy "somador_completo:inst88|bmaiorquea:inst17"
Info (12128): Elaborating entity "subtrator_completo" for hierarchy "subtrator_completo:inst96"
Info (12128): Elaborating entity "CircuitoAND" for hierarchy "CircuitoAND:CAIXAAND"
Info (12128): Elaborating entity "CircuitoXOR" for hierarchy "CircuitoXOR:CAIXAXOR"
Info (12128): Elaborating entity "Decodificador" for hierarchy "Decodificador:inst3"
Warning (12125): Using design file and5_f.bdf, which is not specified as a design file for the current project, but contains definitions for 1 design units and 1 entities in project
    Info (12023): Found entity 1: and5_f
Info (12128): Elaborating entity "and5_f" for hierarchy "Decodificador:inst3|and5_f:inst24"
Info (12128): Elaborating entity "DEC_4BITS" for hierarchy "DEC_4BITS:inst6"
Warning (13024): Output pins are stuck at VCC or GND
    Warning (13410): Pin "A_Be_Input" is stuck at GND
    Warning (13410): Pin "A_Ce_Input" is stuck at GND
    Warning (13410): Pin "A_Ge_Input" is stuck at VCC
    Warning (13410): Pin "B_Be_Input" is stuck at GND
    Warning (13410): Pin "B_Ce_Input" is stuck at GND
    Warning (13410): Pin "B_Ge_Input" is stuck at VCC
Info (286030): Timing-Driven Synthesis is running
Info (16010): Generating hard_block partition "hard_block:auto_generated_inst"
    Info (16011): Adding 0 node(s), including 0 DDIO, 0 PLL, 0 transceiver and 0 LCELL
Info (21057): Implemented 194 device resources after synthesis - the final resource count might be different
    Info (21058): Implemented 13 input pins
    Info (21059): Implemented 52 output pins
    Info (21061): Implemented 129 logic cells
Info: Quartus Prime Analysis & Synthesis was successful. 0 errors, 39 warnings
    Info: Peak virtual memory: 4779 megabytes
    Info: Processing ended: Thu Jul 03 00:43:26 2025
    Info: Elapsed time: 00:00:13
    Info: Total CPU time (on all processors): 00:00:24


